Arguments: 
  /usr/bin/node /snap/node/5953/bin/yarn.js global dir

PATH: 
  /home/karlen/Projects/messenger/messenger/node_modules/.bin:/home/karlen/Projects/messenger/node_modules/.bin:/home/karlen/Projects/node_modules/.bin:/home/karlen/node_modules/.bin:/home/node_modules/.bin:/node_modules/.bin:/usr/lib/node_modules/npm/node_modules/@npmcli/run-script/lib/node-gyp-bin:/usr/local/sbin:/usr/local/bin:/usr/sbin:/usr/bin:/sbin:/bin:/usr/games:/usr/local/games:/snap/bin

Yarn version: 
  1.22.17

Node version: 
  16.14.2

Platform: 
  linux x64

Trace: 
  Error: EACCES: permission denied, write
      at writeSync (node:fs:884:3)
      at SyncWriteStream._write (node:internal/fs/sync_write_stream:25:3)
      at writeOrBuffer (node:internal/streams/writable:389:12)
      at _write (node:internal/streams/writable:330:10)
      at SyncWriteStream.Writable.write (node:internal/streams/writable:334:10)
      at ConsoleReporter._log (/snap/node/5953/lib/cli.js:96904:17)
      at ConsoleReporter.log (/snap/node/5953/lib/cli.js:96892:10)
      at dir (/snap/node/5953/lib/cli.js:36299:14)
      at Object.<anonymous> (/snap/node/5953/lib/cli.js:25983:25)
      at Generator.next (<anonymous>)

npm manifest: 
  {
    "name": "messenger",
    "version": "1.0.0",
    "main": "node_modules/expo/AppEntry.js",
    "scripts": {
      "start": "expo start",
      "android": "expo start --android",
      "ios": "expo start --ios",
      "web": "expo start --web",
      "eject": "expo eject"
    },
    "dependencies": {
      "@expo/vector-icons": "^12.0.5",
      "@react-navigation/bottom-tabs": "^6.3.1",
      "@react-navigation/native": "^6.0.10",
      "@react-navigation/native-stack": "^6.6.1",
      "@types/uuid": "^8.3.4",
      "expo": "~44.0.0",
      "expo-status-bar": "~1.2.0",
      "mobx": "^6.5.0",
      "mobx-react-lite": "^3.3.0",
      "react": "17.0.1",
      "react-dom": "17.0.1",
      "react-native": "0.64.3",
      "react-native-paper": "^4.12.0",
      "react-native-screens": "^3.13.1",
      "react-native-web": "0.17.1",
      "react-navigation": "^4.4.4",
      "react-navigation-stack": "^2.10.4",
      "react-navigator": "^0.0.0-0",
      "uuid": "^8.3.2"
    },
    "devDependencies": {
      "@babel/core": "^7.12.9",
      "@types/react": "~17.0.21",
      "@types/react-native": "~0.64.12",
      "typescript": "~4.3.5"
    },
    "private": true
  }

yarn manifest: 
  No manifest

Lockfile: 
  No lockfile
